  [1m[35m (0.1ms)[0m  [1m[35mDROP DATABASE IF EXISTS "greetings_rails_back_end_development"[0m
  [1m[35m (0.1ms)[0m  [1m[35mDROP DATABASE IF EXISTS "greetings_rails_back_end_test"[0m
  [1m[35m (2390.4ms)[0m  [1m[35mCREATE DATABASE "greetings_rails_back_end_development" ENCODING = 'unicode'[0m
  [1m[35m (529.7ms)[0m  [1m[35mCREATE DATABASE "greetings_rails_back_end_test" ENCODING = 'unicode'[0m
  [1m[35m (154.3ms)[0m  [1m[35mCREATE TABLE "schema_migrations" ("version" character varying NOT NULL PRIMARY KEY)[0m
  [1m[35m (319.0ms)[0m  [1m[35mCREATE TABLE "ar_internal_metadata" ("key" character varying NOT NULL PRIMARY KEY, "value" character varying, "created_at" timestamp(6) NOT NULL, "updated_at" timestamp(6) NOT NULL)[0m
  [1m[35m (39.3ms)[0m  [1m[34mSELECT pg_try_advisory_lock(4804278269574065835)[0m
  [1m[36mActiveRecord::SchemaMigration Pluck (12.8ms)[0m  [1m[34mSELECT "schema_migrations"."version" FROM "schema_migrations" ORDER BY "schema_migrations"."version" ASC[0m
Migrating to CreateGreetings (20230606161043)
  [1m[36mTRANSACTION (0.2ms)[0m  [1m[35mBEGIN[0m
  [1m[35m (61.6ms)[0m  [1m[35mCREATE TABLE "greetings" ("id" bigserial primary key, "text" character varying, "created_at" timestamp(6) NOT NULL, "updated_at" timestamp(6) NOT NULL)[0m
  [1m[36mActiveRecord::SchemaMigration Create (0.7ms)[0m  [1m[32mINSERT INTO "schema_migrations" ("version") VALUES ($1) RETURNING "version"[0m  [["version", "20230606161043"]]
  [1m[36mTRANSACTION (0.6ms)[0m  [1m[35mCOMMIT[0m
  [1m[36mActiveRecord::InternalMetadata Load (23.3ms)[0m  [1m[34mSELECT "ar_internal_metadata".* FROM "ar_internal_metadata" WHERE "ar_internal_metadata"."key" = $1 LIMIT $2[0m  [["key", "environment"], ["LIMIT", 1]]
  [1m[36mTRANSACTION (0.1ms)[0m  [1m[35mBEGIN[0m
  [1m[36mActiveRecord::InternalMetadata Create (25.0ms)[0m  [1m[32mINSERT INTO "ar_internal_metadata" ("key", "value", "created_at", "updated_at") VALUES ($1, $2, $3, $4) RETURNING "key"[0m  [["key", "environment"], ["value", "development"], ["created_at", "2023-06-06 16:11:55.260288"], ["updated_at", "2023-06-06 16:11:55.260288"]]
  [1m[36mTRANSACTION (0.5ms)[0m  [1m[35mCOMMIT[0m
  [1m[35m (0.3ms)[0m  [1m[34mSELECT pg_advisory_unlock(4804278269574065835)[0m
  [1m[36mActiveRecord::SchemaMigration Pluck (1.1ms)[0m  [1m[34mSELECT "schema_migrations"."version" FROM "schema_migrations" ORDER BY "schema_migrations"."version" ASC[0m
  [1m[36mActiveRecord::SchemaMigration Pluck (0.6ms)[0m  [1m[34mSELECT "schema_migrations"."version" FROM "schema_migrations" ORDER BY "schema_migrations"."version" ASC[0m
  [1m[36mTRANSACTION (0.2ms)[0m  [1m[35mBEGIN[0m
  [1m[36mGreeting Create (81.6ms)[0m  [1m[32mINSERT INTO "greetings" ("text", "created_at", "updated_at") VALUES ($1, $2, $3) RETURNING "id"[0m  [["text", "Welcome back my friends to the show that never ends"], ["created_at", "2023-06-06 16:18:31.965066"], ["updated_at", "2023-06-06 16:18:31.965066"]]
  [1m[36mTRANSACTION (0.5ms)[0m  [1m[35mCOMMIT[0m
  [1m[36mTRANSACTION (0.1ms)[0m  [1m[35mBEGIN[0m
  [1m[36mGreeting Create (0.4ms)[0m  [1m[32mINSERT INTO "greetings" ("text", "created_at", "updated_at") VALUES ($1, $2, $3) RETURNING "id"[0m  [["text", "Welcome, come in and sit a spell"], ["created_at", "2023-06-06 16:18:32.051632"], ["updated_at", "2023-06-06 16:18:32.051632"]]
  [1m[36mTRANSACTION (0.6ms)[0m  [1m[35mCOMMIT[0m
  [1m[36mTRANSACTION (0.1ms)[0m  [1m[35mBEGIN[0m
  [1m[36mGreeting Create (1.2ms)[0m  [1m[32mINSERT INTO "greetings" ("text", "created_at", "updated_at") VALUES ($1, $2, $3) RETURNING "id"[0m  [["text", "Welcome to the jungle"], ["created_at", "2023-06-06 16:18:32.056380"], ["updated_at", "2023-06-06 16:18:32.056380"]]
  [1m[36mTRANSACTION (0.5ms)[0m  [1m[35mCOMMIT[0m
  [1m[36mTRANSACTION (0.1ms)[0m  [1m[35mBEGIN[0m
  [1m[36mGreeting Create (0.3ms)[0m  [1m[32mINSERT INTO "greetings" ("text", "created_at", "updated_at") VALUES ($1, $2, $3) RETURNING "id"[0m  [["text", "Welcome, watch out for the dog do-do as you come in"], ["created_at", "2023-06-06 16:18:32.061556"], ["updated_at", "2023-06-06 16:18:32.061556"]]
  [1m[36mTRANSACTION (0.6ms)[0m  [1m[35mCOMMIT[0m
  [1m[36mTRANSACTION (0.1ms)[0m  [1m[35mBEGIN[0m
  [1m[36mGreeting Create (0.3ms)[0m  [1m[32mINSERT INTO "greetings" ("text", "created_at", "updated_at") VALUES ($1, $2, $3) RETURNING "id"[0m  [["text", "Welcome, this app is your friend"], ["created_at", "2023-06-06 16:18:32.065335"], ["updated_at", "2023-06-06 16:18:32.065335"]]
  [1m[36mTRANSACTION (0.4ms)[0m  [1m[35mCOMMIT[0m
  [1m[36mGreeting Load (0.5ms)[0m  [1m[34mSELECT "greetings".* FROM "greetings"[0m
